<?xml version="1.0" encoding="UTF-8"?>
<testsuite xmlns:xsi="http://www.w3.org/2001/XMLSchema-instance" xsi:noNamespaceSchemaLocation="https://maven.apache.org/surefire/maven-surefire-plugin/xsd/surefire-test-report-3.0.xsd" version="3.0" name="pe.edu.pucp.softprog.rrhh.AreaDAOTest" time="6.239" tests="5" errors="0" skipped="0" failures="0">
  <properties>
[...]
</properties>
  <testcase name="verificarObtenerPorId" classname="pe.edu.pucp.softprog.rrhh.AreaDAOTest" time="2.145">
    <system-out><![CDATA[Se ha establecido la conexion con la base de datos.
Lectura de area...
]]></system-out>
  </testcase>
  <testcase name="verificarRegistro" classname="pe.edu.pucp.softprog.rrhh.AreaDAOTest" time="1.258">
    <system-out><![CDATA[Se ha establecido la conexion con la base de datos.
Se ha realizado el registro del area
]]></system-out>
  </testcase>
  <testcase name="verificarListarTodas" classname="pe.edu.pucp.softprog.rrhh.AreaDAOTest" time="0.931">
    <system-out><![CDATA[Se ha establecido la conexion con la base de datos.
Lectura de todas las areas...
Area: idArea = 1, nombre = CONTABILIDAD, activo = true
Area: idArea = 2, nombre = VENTAS, activo = true
Area: idArea = 3, nombre = CONTABILIDAD 2, activo = true
Area: idArea = 4, nombre = FINANZAS, activo = true
Area: idArea = 7, nombre = INVESTIGACION, activo = true
Area: idArea = 25, nombre = RECURSOS HUMANOS, activo = true
Area: idArea = 31, nombre = INVESTIGACION, activo = true
Area: idArea = 33, nombre = MODIFICANDO, activo = true
Area: idArea = 49, nombre = EJEMPLO 2, activo = true
Area: idArea = 90, nombre = PROGRAMACION 3, activo = true
Area: idArea = 127, nombre = TECNOLOGIAS DE INFORMACION, activo = true
]]></system-out>
  </testcase>
  <testcase name="verificarModificacion" classname="pe.edu.pucp.softprog.rrhh.AreaDAOTest" time="0.915">
    <system-out><![CDATA[Se ha establecido la conexion con la base de datos.
Se ha realizado la modificacion del area
]]></system-out>
  </testcase>
  <testcase name="verificarEliminacion" classname="pe.edu.pucp.softprog.rrhh.AreaDAOTest" time="0.921">
    <system-out><![CDATA[Se ha establecido la conexion con la base de datos.
Se ha realizado la eliminacion del area
]]></system-out>
  </testcase>
</testsuite>